%!Adobe-FontList 1.20
%Locale:0x409

%BeginFont
Handler:DirectoryHandler
FontType:TrueType
FontName:Lato-Hairline
FamilyName:Lato
StyleName:Hairline
FullName:Lato-Hairline
MenuName:Lato Hairline
StyleBits:0
WritingScript:Roman
OutlineFileName:D:\Personal_Work\College\UL_MSc\SemsterTwo\GamesDev\Pitch\PresentationTemplateSimple Folder\Document fonts\Lato-Hairline.ttf
DataFormat:sfntData
hasSVG:no
VariableFontType:NonVariableFont
FileLength:115316
FileModTime:1551908823
WeightClass:250
WidthClass:5
AngleClass:0
NameArray:0,Mac,4,Lato Hairline
NameArray:0,Win,1,Lato Hairline
NameArray:0,Win,16,Lato
%EndFont

%BeginFont
Handler:DirectoryHandler
FontType:TrueType
FontName:Lato-Light
FamilyName:Lato
StyleName:Light
FullName:Lato-Light
MenuName:Lato Light
StyleBits:0
WritingScript:Roman
OutlineFileName:D:\Personal_Work\College\UL_MSc\SemsterTwo\GamesDev\Pitch\PresentationTemplateSimple Folder\Document fonts\Lato-Light.ttf
DataFormat:sfntData
hasSVG:no
VariableFontType:NonVariableFont
FileLength:122524
FileModTime:1551908824
WeightClass:300
WidthClass:5
AngleClass:0
NameArray:0,Mac,4,Lato Light
NameArray:0,Win,1,Lato Light
NameArray:0,Win,16,Lato
%EndFont

%BeginFont
Handler:DirectoryHandler
FontType:TrueType
FontName:Lato-Regular
FamilyName:Lato
StyleName:Regular
FullName:Lato Regular
MenuName:Lato
StyleBits:0
WritingScript:Roman
OutlineFileName:D:\Personal_Work\College\UL_MSc\SemsterTwo\GamesDev\Pitch\PresentationTemplateSimple Folder\Document fonts\Lato-Regular.ttf
DataFormat:sfntData
hasSVG:no
VariableFontType:NonVariableFont
FileLength:120196
FileModTime:1551908823
WeightClass:400
WidthClass:5
AngleClass:0
NameArray:0,Mac,4,Lato Regular
NameArray:0,Win,1,Lato
%EndFont

